<?xml version="1.0" encoding="UTF-8"?>
<!-- Generated by org.testng.reporters.JUnitXMLReporter -->
<testsuite ignored="0" hostname="Debayudh-HP" failures="0" tests="3" name="FunctionalTest" time="22.703" errors="0" timestamp="2025-04-10T18:16:26 IST">
  <testcase classname="tests.LoginTest" name="testLogin" time="4.385"/>
  <testcase classname="tests.LoginTest" name="testLogin" time="2.007"/>
  <testcase classname="tests.LoginTest" name="testLogin" time="1.864"/>
</testsuite> <!-- FunctionalTest -->
