<?xml version="1.0" encoding="UTF-8"?>
<!-- Generated by org.testng.reporters.JUnitXMLReporter -->
<testsuite ignored="0" hostname="Debayudh-HP" failures="0" tests="3" name="FunctionalTest" time="25.386" errors="0" timestamp="2025-04-06T01:40:25 IST">
  <testcase classname="tests.LoginTest" name="testLogin" time="5.094"/>
  <testcase classname="tests.LoginTest" name="testLogin" time="2.242"/>
  <testcase classname="tests.LoginTest" name="testLogin" time="1.897"/>
</testsuite> <!-- FunctionalTest -->
