<?xml version="1.0" encoding="UTF-8"?>
<!-- Generated by org.testng.reporters.JUnitXMLReporter -->
<testsuite ignored="0" hostname="Debayudh-HP" failures="0" tests="3" name="Default test" time="23.301" errors="0" timestamp="2025-04-08T14:09:51 IST">
  <testcase classname="tests.LoginTest" name="testLogin" time="4.955"/>
  <testcase classname="tests.LoginTest" name="testLogin" time="2.182"/>
  <testcase classname="tests.LoginTest" name="testLogin" time="1.898"/>
</testsuite> <!-- Default test -->
