<?xml version="1.0" encoding="UTF-8"?>
<testng-results ignored="0" total="3" passed="3" failed="0" skipped="0">
  <reporter-output>
  </reporter-output>
  <suite started-at="2025-04-08T14:09:28 IST" name="Default suite" finished-at="2025-04-08T14:09:51 IST" duration-ms="23301">
    <groups>
    </groups>
    <test started-at="2025-04-08T14:09:28 IST" name="Default test" finished-at="2025-04-08T14:09:51 IST" duration-ms="23301">
      <class name="tests.LoginTest">
        <test-method is-config="true" signature="init()[pri:0, instance:tests.LoginTest@43195e57]" started-at="2025-04-08T14:09:28 IST" name="init" finished-at="2025-04-08T14:09:34 IST" duration-ms="5715" status="PASS">
          <reporter-output>
          </reporter-output>
        </test-method> <!-- init -->
        <test-method signature="testLogin(java.lang.String,java.lang.String,boolean)[pri:0, instance:tests.LoginTest@43195e57]" started-at="2025-04-08T14:09:34 IST" name="testLogin" data-provider="logindata" finished-at="2025-04-08T14:09:39 IST" duration-ms="4955" status="PASS">
          <params>
            <param index="0">
              <value>
                <![CDATA[Admin]]>
              </value>
            </param>
            <param index="1">
              <value>
                <![CDATA[admin123]]>
              </value>
            </param>
            <param index="2">
              <value>
                <![CDATA[true]]>
              </value>
            </param>
          </params>
          <reporter-output>
          </reporter-output>
        </test-method> <!-- testLogin -->
        <test-method is-config="true" signature="teardown()[pri:0, instance:tests.LoginTest@43195e57]" started-at="2025-04-08T14:09:39 IST" name="teardown" finished-at="2025-04-08T14:09:39 IST" duration-ms="200" status="PASS">
          <reporter-output>
          </reporter-output>
        </test-method> <!-- teardown -->
        <test-method is-config="true" signature="init()[pri:0, instance:tests.LoginTest@43195e57]" started-at="2025-04-08T14:09:39 IST" name="init" finished-at="2025-04-08T14:09:43 IST" duration-ms="3997" status="PASS">
          <reporter-output>
          </reporter-output>
        </test-method> <!-- init -->
        <test-method signature="testLogin(java.lang.String,java.lang.String,boolean)[pri:0, instance:tests.LoginTest@43195e57]" started-at="2025-04-08T14:09:43 IST" name="testLogin" data-provider="logindata" finished-at="2025-04-08T14:09:45 IST" duration-ms="2182" status="PASS">
          <params>
            <param index="0">
              <value>
                <![CDATA[Admin]]>
              </value>
            </param>
            <param index="1">
              <value>
                <![CDATA[wrongPass]]>
              </value>
            </param>
            <param index="2">
              <value>
                <![CDATA[false]]>
              </value>
            </param>
          </params>
          <reporter-output>
          </reporter-output>
        </test-method> <!-- testLogin -->
        <test-method is-config="true" signature="teardown()[pri:0, instance:tests.LoginTest@43195e57]" started-at="2025-04-08T14:09:45 IST" name="teardown" finished-at="2025-04-08T14:09:45 IST" duration-ms="131" status="PASS">
          <reporter-output>
          </reporter-output>
        </test-method> <!-- teardown -->
        <test-method is-config="true" signature="init()[pri:0, instance:tests.LoginTest@43195e57]" started-at="2025-04-08T14:09:45 IST" name="init" finished-at="2025-04-08T14:09:49 IST" duration-ms="4053" status="PASS">
          <reporter-output>
          </reporter-output>
        </test-method> <!-- init -->
        <test-method signature="testLogin(java.lang.String,java.lang.String,boolean)[pri:0, instance:tests.LoginTest@43195e57]" started-at="2025-04-08T14:09:49 IST" name="testLogin" data-provider="logindata" finished-at="2025-04-08T14:09:51 IST" duration-ms="1898" status="PASS">
          <params>
            <param index="0">
              <value>
                <![CDATA[wrongUser]]>
              </value>
            </param>
            <param index="1">
              <value>
                <![CDATA[admin123]]>
              </value>
            </param>
            <param index="2">
              <value>
                <![CDATA[false]]>
              </value>
            </param>
          </params>
          <reporter-output>
          </reporter-output>
        </test-method> <!-- testLogin -->
        <test-method is-config="true" signature="teardown()[pri:0, instance:tests.LoginTest@43195e57]" started-at="2025-04-08T14:09:51 IST" name="teardown" finished-at="2025-04-08T14:09:51 IST" duration-ms="134" status="PASS">
          <reporter-output>
          </reporter-output>
        </test-method> <!-- teardown -->
      </class> <!-- tests.LoginTest -->
    </test> <!-- Default test -->
  </suite> <!-- Default suite -->
</testng-results>
