<?xml version="1.0" encoding="UTF-8"?>
<testng-results ignored="0" total="3" passed="3" failed="0" skipped="0">
  <reporter-output>
  </reporter-output>
  <suite started-at="2025-04-10T18:16:04 IST" name="Functional Suite" finished-at="2025-04-10T18:16:26 IST" duration-ms="22703">
    <groups>
    </groups>
    <test started-at="2025-04-10T18:16:04 IST" name="FunctionalTest" finished-at="2025-04-10T18:16:26 IST" duration-ms="22703">
      <class name="tests.LoginTest">
        <test-method is-config="true" signature="init()[pri:0, instance:tests.LoginTest@479d31f3]" started-at="2025-04-10T18:16:04 IST" name="init" finished-at="2025-04-10T18:16:10 IST" duration-ms="5589" status="PASS">
          <reporter-output>
          </reporter-output>
        </test-method> <!-- init -->
        <test-method signature="testLogin(java.lang.String,java.lang.String,boolean)[pri:0, instance:tests.LoginTest@479d31f3]" started-at="2025-04-10T18:16:10 IST" name="testLogin" data-provider="logindata" finished-at="2025-04-10T18:16:14 IST" duration-ms="4385" status="PASS">
          <params>
            <param index="0">
              <value>
                <![CDATA[Admin]]>
              </value>
            </param>
            <param index="1">
              <value>
                <![CDATA[admin123]]>
              </value>
            </param>
            <param index="2">
              <value>
                <![CDATA[true]]>
              </value>
            </param>
          </params>
          <reporter-output>
          </reporter-output>
        </test-method> <!-- testLogin -->
        <test-method is-config="true" signature="teardown()[pri:0, instance:tests.LoginTest@479d31f3]" started-at="2025-04-10T18:16:14 IST" name="teardown" finished-at="2025-04-10T18:16:14 IST" duration-ms="199" status="PASS">
          <reporter-output>
          </reporter-output>
        </test-method> <!-- teardown -->
        <test-method is-config="true" signature="init()[pri:0, instance:tests.LoginTest@479d31f3]" started-at="2025-04-10T18:16:14 IST" name="init" finished-at="2025-04-10T18:16:18 IST" duration-ms="4096" status="PASS">
          <reporter-output>
          </reporter-output>
        </test-method> <!-- init -->
        <test-method signature="testLogin(java.lang.String,java.lang.String,boolean)[pri:0, instance:tests.LoginTest@479d31f3]" started-at="2025-04-10T18:16:18 IST" name="testLogin" data-provider="logindata" finished-at="2025-04-10T18:16:20 IST" duration-ms="2007" status="PASS">
          <params>
            <param index="0">
              <value>
                <![CDATA[Admin]]>
              </value>
            </param>
            <param index="1">
              <value>
                <![CDATA[wrongPass]]>
              </value>
            </param>
            <param index="2">
              <value>
                <![CDATA[false]]>
              </value>
            </param>
          </params>
          <reporter-output>
          </reporter-output>
        </test-method> <!-- testLogin -->
        <test-method is-config="true" signature="teardown()[pri:0, instance:tests.LoginTest@479d31f3]" started-at="2025-04-10T18:16:20 IST" name="teardown" finished-at="2025-04-10T18:16:20 IST" duration-ms="152" status="PASS">
          <reporter-output>
          </reporter-output>
        </test-method> <!-- teardown -->
        <test-method is-config="true" signature="init()[pri:0, instance:tests.LoginTest@479d31f3]" started-at="2025-04-10T18:16:20 IST" name="init" finished-at="2025-04-10T18:16:24 IST" duration-ms="4013" status="PASS">
          <reporter-output>
          </reporter-output>
        </test-method> <!-- init -->
        <test-method signature="testLogin(java.lang.String,java.lang.String,boolean)[pri:0, instance:tests.LoginTest@479d31f3]" started-at="2025-04-10T18:16:24 IST" name="testLogin" data-provider="logindata" finished-at="2025-04-10T18:16:26 IST" duration-ms="1864" status="PASS">
          <params>
            <param index="0">
              <value>
                <![CDATA[wrongUser]]>
              </value>
            </param>
            <param index="1">
              <value>
                <![CDATA[admin123]]>
              </value>
            </param>
            <param index="2">
              <value>
                <![CDATA[false]]>
              </value>
            </param>
          </params>
          <reporter-output>
          </reporter-output>
        </test-method> <!-- testLogin -->
        <test-method is-config="true" signature="teardown()[pri:0, instance:tests.LoginTest@479d31f3]" started-at="2025-04-10T18:16:26 IST" name="teardown" finished-at="2025-04-10T18:16:26 IST" duration-ms="129" status="PASS">
          <reporter-output>
          </reporter-output>
        </test-method> <!-- teardown -->
      </class> <!-- tests.LoginTest -->
    </test> <!-- FunctionalTest -->
  </suite> <!-- Functional Suite -->
</testng-results>
